Determining if the pthread_create exist failed with the following output:
Change Dir: /home/atas/catkin_build_ws/src/ROS_NNs_FANUC_LRMATE200ID/dgcnn/scripts/build/CMakeFiles/CMakeTmp

Run Build Command:"/usr/bin/make" "cmTC_b1ce6/fast"
/usr/bin/make -f CMakeFiles/cmTC_b1ce6.dir/build.make CMakeFiles/cmTC_b1ce6.dir/build
make[1]: Entering directory '/home/atas/catkin_build_ws/src/ROS_NNs_FANUC_LRMATE200ID/dgcnn/scripts/build/CMakeFiles/CMakeTmp'
Building C object CMakeFiles/cmTC_b1ce6.dir/CheckSymbolExists.c.o
/usr/bin/cc    -o CMakeFiles/cmTC_b1ce6.dir/CheckSymbolExists.c.o   -c /home/atas/catkin_build_ws/src/ROS_NNs_FANUC_LRMATE200ID/dgcnn/scripts/build/CMakeFiles/CMakeTmp/CheckSymbolExists.c
Linking C executable cmTC_b1ce6
/usr/bin/cmake -E cmake_link_script CMakeFiles/cmTC_b1ce6.dir/link.txt --verbose=1
/usr/bin/cc      -rdynamic CMakeFiles/cmTC_b1ce6.dir/CheckSymbolExists.c.o  -o cmTC_b1ce6 
CMakeFiles/cmTC_b1ce6.dir/CheckSymbolExists.c.o: In function `main':
CheckSymbolExists.c:(.text+0x1b): undefined reference to `pthread_create'
collect2: error: ld returned 1 exit status
CMakeFiles/cmTC_b1ce6.dir/build.make:97: recipe for target 'cmTC_b1ce6' failed
make[1]: *** [cmTC_b1ce6] Error 1
make[1]: Leaving directory '/home/atas/catkin_build_ws/src/ROS_NNs_FANUC_LRMATE200ID/dgcnn/scripts/build/CMakeFiles/CMakeTmp'
Makefile:126: recipe for target 'cmTC_b1ce6/fast' failed
make: *** [cmTC_b1ce6/fast] Error 2

File /home/atas/catkin_build_ws/src/ROS_NNs_FANUC_LRMATE200ID/dgcnn/scripts/build/CMakeFiles/CMakeTmp/CheckSymbolExists.c:
/* */
#include <pthread.h>

int main(int argc, char** argv)
{
  (void)argv;
#ifndef pthread_create
  return ((int*)(&pthread_create))[argc];
#else
  (void)argc;
  return 0;
#endif
}

Determining if the function pthread_create exists in the pthreads failed with the following output:
Change Dir: /home/atas/catkin_build_ws/src/ROS_NNs_FANUC_LRMATE200ID/dgcnn/scripts/build/CMakeFiles/CMakeTmp

Run Build Command:"/usr/bin/make" "cmTC_7b694/fast"
/usr/bin/make -f CMakeFiles/cmTC_7b694.dir/build.make CMakeFiles/cmTC_7b694.dir/build
make[1]: Entering directory '/home/atas/catkin_build_ws/src/ROS_NNs_FANUC_LRMATE200ID/dgcnn/scripts/build/CMakeFiles/CMakeTmp'
Building C object CMakeFiles/cmTC_7b694.dir/CheckFunctionExists.c.o
/usr/bin/cc   -DCHECK_FUNCTION_EXISTS=pthread_create   -o CMakeFiles/cmTC_7b694.dir/CheckFunctionExists.c.o   -c /usr/share/cmake-3.10/Modules/CheckFunctionExists.c
Linking C executable cmTC_7b694
/usr/bin/cmake -E cmake_link_script CMakeFiles/cmTC_7b694.dir/link.txt --verbose=1
/usr/bin/cc  -DCHECK_FUNCTION_EXISTS=pthread_create    -rdynamic CMakeFiles/cmTC_7b694.dir/CheckFunctionExists.c.o  -o cmTC_7b694 -lpthreads 
/usr/bin/ld: cannot find -lpthreads
collect2: error: ld returned 1 exit status
CMakeFiles/cmTC_7b694.dir/build.make:97: recipe for target 'cmTC_7b694' failed
make[1]: *** [cmTC_7b694] Error 1
make[1]: Leaving directory '/home/atas/catkin_build_ws/src/ROS_NNs_FANUC_LRMATE200ID/dgcnn/scripts/build/CMakeFiles/CMakeTmp'
Makefile:126: recipe for target 'cmTC_7b694/fast' failed
make: *** [cmTC_7b694/fast] Error 2


